{"sessionId": "876743", "runId": "run1", "hypothesisId": "H-A", "location": "setup_pro_manager.py:dnd_register", "message": "DnD register SUCCESS", "data": {"widget": "CTkLabel"}, "timestamp": 1774344665857}
{"sessionId": "876743", "runId": "run1", "hypothesisId": "H-A", "location": "setup_pro_manager.py:dnd_register", "message": "DnD register SUCCESS", "data": {"widget": "CTkFrame"}, "timestamp": 1774344665859}
{"sessionId": "876743", "runId": "run1", "hypothesisId": "H-B H-C", "location": "setup_pro_manager.py:_sg_on_file_drop", "message": "file_drop called", "data": {"path": "W:/vfx/project_2026/SBS_030/04_sq/E104/E104_S038_0100/comp/devl/renders/E104_S038_0100_comp_v001.mov"}, "timestamp": 1774344708789}
{"sessionId": "876743", "runId": "run1", "hypothesisId": "H-B H-C", "location": "setup_pro_manager.py:version_name_set", "message": "version_name set", "data": {"filename": "E104_S038_0100_comp_v001.mov", "version_name": "E104_S038_0100_comp_v001", "var_after_set": "E104_S038_0100_comp_v001"}, "timestamp": 1774344708800}
{"sessionId": "876743", "runId": "run1", "hypothesisId": "H-B", "location": "setup_pro_manager.py:_sg_on_shot_fetched", "message": "link_var set", "data": {"shot_code": "E104_S038_0100", "link_var_after": "E104_S038_0100", "proj_name": "SBS_030"}, "timestamp": 1774344709999}
{"sessionId": "876743", "runId": "run1", "hypothesisId": "H-B H-C", "location": "setup_pro_manager.py:_sg_on_file_drop", "message": "file_drop called", "data": {"path": "W:/vfx/project_2026/SBS_030/04_sq/E104/E104_S038_0100/comp/devl/renders/E104_S038_0100_comp_v001.mov"}, "timestamp": 1774344750990}
{"sessionId": "876743", "runId": "run1", "hypothesisId": "H-B H-C", "location": "setup_pro_manager.py:version_name_set", "message": "version_name set", "data": {"filename": "E104_S038_0100_comp_v001.mov", "version_name": "E104_S038_0100_comp_v001", "var_after_set": "E104_S038_0100_comp_v001"}, "timestamp": 1774344750992}
{"sessionId": "876743", "runId": "run1", "hypothesisId": "H-B", "location": "setup_pro_manager.py:_sg_on_shot_fetched", "message": "link_var set", "data": {"shot_code": "E104_S038_0100", "link_var_after": "E104_S038_0100", "proj_name": "SBS_030"}, "timestamp": 1774344751350}
{"sessionId": "876743", "runId": "run1", "hypothesisId": "H-D", "location": "setup_pro_manager.py:focus_out", "message": "popup FocusOut fired \u2014 closing popup", "data": {}, "timestamp": 1774344765187}
{"sessionId": "876743", "runId": "run1", "hypothesisId": "H-D", "location": "setup_pro_manager.py:lb_click", "message": "listbox ButtonRelease-1 fired", "data": {"cursel": [0]}, "timestamp": 1774344765309}
{"sessionId": "876743", "runId": "run1", "hypothesisId": "H-D", "location": "setup_pro_manager.py:focus_out", "message": "popup FocusOut fired \u2014 closing popup", "data": {}, "timestamp": 1774344779093}
{"sessionId": "876743", "runId": "run1", "hypothesisId": "H-D", "location": "setup_pro_manager.py:focus_out", "message": "popup FocusOut fired \u2014 closing popup", "data": {}, "timestamp": 1774344809357}
{"sessionId": "876743", "runId": "run1", "hypothesisId": "H-D", "location": "setup_pro_manager.py:focus_out", "message": "popup FocusOut fired \u2014 closing popup", "data": {}, "timestamp": 1774344825962}
{"sessionId": "876743", "runId": "run1", "hypothesisId": "H-D", "location": "setup_pro_manager.py:lb_click", "message": "listbox ButtonRelease-1 fired", "data": {"cursel": [0]}, "timestamp": 1774344826062}
{"sessionId": "876743", "runId": "run1", "hypothesisId": "H-D", "location": "setup_pro_manager.py:lb_click", "message": "listbox ButtonRelease-1 fired", "data": {"cursel": [0]}, "timestamp": 1774345062672}
{"sessionId": "876743", "runId": "run1", "hypothesisId": "H-D", "location": "setup_pro_manager.py:focus_out", "message": "popup FocusOut fired \u2014 closing popup", "data": {}, "timestamp": 1774345067005}
{"sessionId": "876743", "runId": "run1", "hypothesisId": "H-D", "location": "setup_pro_manager.py:lb_click", "message": "listbox ButtonRelease-1 fired", "data": {"cursel": [0]}, "timestamp": 1774345067105}
{"sessionId": "876743", "runId": "run1", "hypothesisId": "H-D", "location": "setup_pro_manager.py:focus_out", "message": "popup FocusOut fired \u2014 closing popup", "data": {}, "timestamp": 1774345143839}
{"sessionId": "876743", "runId": "run1", "hypothesisId": "H-D", "location": "setup_pro_manager.py:lb_click", "message": "listbox ButtonRelease-1 fired", "data": {"cursel": [0]}, "timestamp": 1774345143930}
{"sessionId": "876743", "runId": "run1", "hypothesisId": "H-D", "location": "setup_pro_manager.py:focus_out", "message": "popup FocusOut fired \u2014 closing popup", "data": {}, "timestamp": 1774345149763}
{"sessionId": "876743", "runId": "run1", "hypothesisId": "H-D", "location": "setup_pro_manager.py:lb_click", "message": "listbox ButtonRelease-1 fired", "data": {"cursel": [0]}, "timestamp": 1774345149863}
{"sessionId": "876743", "runId": "run1", "hypothesisId": "H-D", "location": "setup_pro_manager.py:focus_out", "message": "popup FocusOut fired \u2014 closing popup", "data": {}, "timestamp": 1774345169448}
{"sessionId": "876743", "runId": "run1", "hypothesisId": "H-D", "location": "setup_pro_manager.py:lb_click", "message": "listbox ButtonRelease-1 fired", "data": {"cursel": [0]}, "timestamp": 1774345169545}
{"sessionId": "876743", "hypothesisId": "H-F3/H-H1", "location": "setup_pro_manager.py:_sg_create_version", "message": "create_version call values", "data": {"artist_id": null, "desc_raw": "", "desc_stripped": ""}, "timestamp": 1774346665484}
